<?xml version="1.0" encoding="UTF-8"?>
<!-- Generated by org.testng.reporters.JUnitReportReporter -->
<testsuite hostname="DESKTOP-35HBDVU" failures="0" tests="1" name="com.app.testng.Priority_Test" time="0.019" errors="0" timestamp="2025-10-01T05:48:42 IST" skipped="0">
  <testcase classname="com.app.testng.Priority_Test" name="user" time="0.019"/>
  <system-out/>
</testsuite> <!-- com.app.testng.Priority_Test -->
