<?xml version="1.0" encoding="UTF-8"?>
<!-- Generated by org.testng.reporters.JUnitReportReporter -->
<testsuite hostname="DESKTOP-35HBDVU" failures="0" tests="2" name="com.app.testng.TestOne" time="0.022" errors="0" timestamp="2025-10-01T06:01:30 IST" skipped="0">
  <testcase classname="com.app.testng.TestOne" name="login" time="0.020"/>
  <system-out/>
  <testcase classname="com.app.testng.TestOne" name="pass" time="0.002"/>
  <system-out/>
</testsuite> <!-- com.app.testng.TestOne -->
