<?xml version="1.0" encoding="UTF-8"?>
<!-- Generated by org.testng.reporters.JUnitReportReporter -->
<testsuite hostname="DESKTOP-35HBDVU" failures="0" tests="3" name="com.app.testng.TestTwo" time="0.017" errors="0" timestamp="2025-10-01T06:00:03 IST" skipped="2">
  <testcase classname="com.app.testng.TestTwo" name="test3" time="0.017"/>
  <system-out/>
  <testcase classname="com.app.testng.TestTwo" name="test2">
    <skipped/>
  </testcase> <!-- test2 -->
  <system-out/>
  <testcase classname="com.app.testng.TestTwo" name="test1">
    <skipped/>
  </testcase> <!-- test1 -->
  <system-out/>
</testsuite> <!-- com.app.testng.TestTwo -->
